[debug] [2025-10-02T02:36:27.704Z] ----------------------------------------------------------------------
[debug] [2025-10-02T02:36:27.706Z] Command:       /Users/isan/.nvm/versions/node/v20.19.2/bin/node /Users/isan/.nvm/versions/node/v20.19.2/bin/firebase deploy
[debug] [2025-10-02T02:36:27.706Z] CLI Version:   14.7.0
[debug] [2025-10-02T02:36:27.707Z] Platform:      darwin
[debug] [2025-10-02T02:36:27.707Z] Node Version:  v20.19.2
[debug] [2025-10-02T02:36:27.707Z] Time:          Thu Oct 02 2025 11:36:27 GMT+0900 (Korean Standard Time)
[debug] [2025-10-02T02:36:27.707Z] ----------------------------------------------------------------------
[debug] 
[error] 
[error] Error: Not in a Firebase app directory (could not locate firebase.json)
[debug] [2025-10-03T00:09:28.950Z] ----------------------------------------------------------------------
[debug] [2025-10-03T00:09:28.956Z] Command:       /Users/isan/.nvm/versions/node/v20.19.2/bin/node /Users/isan/.nvm/versions/node/v20.19.2/bin/firebase deploy --only hosting
[debug] [2025-10-03T00:09:28.956Z] CLI Version:   14.7.0
[debug] [2025-10-03T00:09:28.956Z] Platform:      darwin
[debug] [2025-10-03T00:09:28.956Z] Node Version:  v20.19.2
[debug] [2025-10-03T00:09:28.957Z] Time:          Fri Oct 03 2025 09:09:28 GMT+0900 (Korean Standard Time)
[debug] [2025-10-03T00:09:28.957Z] ----------------------------------------------------------------------
[debug] 
[error] 
[error] Error: Not in a Firebase app directory (could not locate firebase.json)
[debug] [2025-10-03T00:09:35.201Z] ----------------------------------------------------------------------
[debug] [2025-10-03T00:09:35.203Z] Command:       /Users/isan/.nvm/versions/node/v20.19.2/bin/node /Users/isan/.nvm/versions/node/v20.19.2/bin/firebase deploy --only hosting
[debug] [2025-10-03T00:09:35.204Z] CLI Version:   14.7.0
[debug] [2025-10-03T00:09:35.204Z] Platform:      darwin
[debug] [2025-10-03T00:09:35.204Z] Node Version:  v20.19.2
[debug] [2025-10-03T00:09:35.204Z] Time:          Fri Oct 03 2025 09:09:35 GMT+0900 (Korean Standard Time)
[debug] [2025-10-03T00:09:35.205Z] ----------------------------------------------------------------------
[debug] 
[error] 
[error] Error: Not in a Firebase app directory (could not locate firebase.json)
